\BOOKMARK [0][-]{chapter.1}{\376\377\000I\000n\000t\000r\000o\000d\000u\000c\000t\000i\000o\000n}{}% 1
\BOOKMARK [0][-]{chapter.2}{\376\377\000L\000e\000s\000\040\000d\000o\000n\000n\000\351\000e\000s}{}% 2
\BOOKMARK [1][-]{section.2.1}{\376\377\000D\000e\000s\000c\000r\000i\000p\000t\000i\000o\000n\000\040\000d\000e\000s\000\040\000d\000o\000n\000n\000\351\000e\000s}{chapter.2}% 3
\BOOKMARK [1][-]{section.2.2}{\376\377\000V\000i\000s\000u\000a\000l\000i\000s\000a\000t\000i\000o\000n}{chapter.2}% 4
\BOOKMARK [1][-]{section.2.3}{\376\377\000N\000a\000N\000\040\000v\000a\000l\000u\000e\000s}{chapter.2}% 5
\BOOKMARK [2][-]{subsection.2.3.1}{\376\377\000V\000a\000r\000i\000a\000b\000l\000e\000s\000\040\000n\000u\000m\000\351\000r\000i\000q\000u\000e\000s}{section.2.3}% 6
\BOOKMARK [2][-]{subsection.2.3.2}{\376\377\000V\000a\000r\000i\000a\000b\000l\000e\000s\000\040\000c\000a\000t\000\351\000g\000o\000r\000i\000e\000l\000l\000e\000s}{section.2.3}% 7
\BOOKMARK [0][-]{chapter.3}{\376\377\000D\000a\000t\000a\000\040\000p\000r\000o\000c\000e\000s\000s\000i\000n\000g}{}% 8
\BOOKMARK [1][-]{section.3.1}{\376\377\000T\000r\000a\000i\000t\000e\000m\000e\000n\000t\000\040\000d\000e\000s\000\040\000v\000a\000l\000e\000u\000r\000s\000\040\000n\000u\000l\000l\000e\000s\000/\000e\000x\000t\000r\000\350\000m\000e\000s\000/\000m\000a\000n\000q\000u\000a\000n\000t\000e\000s}{chapter.3}% 9
\BOOKMARK [2][-]{subsection.3.1.1}{\376\377\000V\000a\000r\000i\000a\000b\000l\000e\000s\000\040\000n\000u\000m\000\351\000r\000i\000q\000u\000e\000s\000\040\000:\000\040\000I\000m\000p\000u\000t\000a\000t\000i\000o\000n\000\040\000p\000a\000r\000\040\000v\000a\000l\000e\000u\000r\000\040\000c\000a\000l\000c\000u\000l\000\351\000e}{section.3.1}% 10
\BOOKMARK [2][-]{subsection.3.1.2}{\376\377\000V\000a\000r\000i\000a\000b\000l\000e\000s\000\040\000c\000a\000t\000\351\000g\000o\000r\000i\000e\000l\000l\000e\000s\000\040\000:\000\040\000I\000m\000p\000u\000t\000a\000t\000i\000o\000n\000\040\000d\000e\000\040\000d\000o\000n\000n\000\351\000e\000s}{section.3.1}% 11
\BOOKMARK [0][-]{chapter.4}{\376\377\000M\000o\000d\000\351\000l\000i\000s\000a\000t\000i\000o\000n}{}% 12
\BOOKMARK [1][-]{section.4.1}{\376\377\000S\000\351\000l\000e\000c\000t\000i\000o\000n\000\040\000d\000e\000s\000\040\000v\000a\000r\000i\000a\000b\000l\000e\000s}{chapter.4}% 13
\BOOKMARK [2][-]{subsection.4.1.1}{\376\377\000C\000o\000r\000r\000\351\000l\000a\000t\000i\000o\000n\000\040\000e\000n\000t\000r\000e\000\040\000v\000a\000r\000i\000a\000b\000l\000e\000\040\000n\000u\000m\000\351\000r\000i\000q\000u\000e\000-\000n\000u\000m\000\351\000r\000i\000q\000u\000e}{section.4.1}% 14
\BOOKMARK [2][-]{subsection.4.1.2}{\376\377\000C\000o\000r\000r\000\351\000l\000a\000t\000i\000o\000n\000\040\000e\000n\000t\000r\000e\000\040\000v\000a\000r\000i\000a\000b\000l\000e\000\040\000c\000a\000t\000\351\000g\000o\000r\000i\000e\000l\000l\000e\000-\000n\000u\000m\000\351\000r\000i\000q\000u\000e}{section.4.1}% 15
\BOOKMARK [2][-]{subsection.4.1.3}{\376\377\000C\000o\000r\000r\000\351\000l\000a\000t\000i\000o\000n\000\040\000e\000n\000t\000r\000e\000\040\000v\000a\000r\000i\000a\000b\000l\000e\000\040\000c\000a\000t\000\351\000g\000o\000r\000i\000e\000l\000l\000e\000-\000c\000a\000t\000\351\000g\000o\000r\000i\000e\000l\000l\000e}{section.4.1}% 16
\BOOKMARK [1][-]{section.4.2}{\376\377\000M\000o\000d\000\351\000l\000i\000s\000a\000t\000i\000o\000n}{chapter.4}% 17
\BOOKMARK [2][-]{subsection.4.2.1}{\376\377\000M\000\351\000t\000r\000i\000q\000u\000e\000s\000\040\000d\000e\000\040\000p\000e\000r\000f\000o\000r\000m\000a\000n\000c\000e\000s}{section.4.2}% 18
\BOOKMARK [2][-]{subsection.4.2.2}{\376\377\000D\000a\000t\000a\000s\000e\000t}{section.4.2}% 19
\BOOKMARK [2][-]{subsection.4.2.3}{\376\377\000B\000a\000l\000a\000n\000c\000e\000m\000e\000n\000t\000\040\000d\000e\000s\000\040\000c\000l\000a\000s\000s\000e\000s}{section.4.2}% 20
\BOOKMARK [2][-]{subsection.4.2.4}{\376\377\000B\000a\000s\000e\000l\000i\000n\000e\000\040\000M\000o\000d\000e\000l\000i\000n\000g\000\040\000\050\000B\000e\000n\000c\000h\000m\000a\000r\000k\000\051\000\040\000:\000\040\000K\000N\000N\000\040\000e\000t\000\040\000N\000a\000i\000v\000e\000\040\000B\000a\000y\000e\000s}{section.4.2}% 21
\BOOKMARK [0][-]{chapter.5}{\376\377\000C\000l\000a\000s\000s\000i\000f\000i\000c\000a\000t\000i\000o\000n\000s\000,\000\040\000r\000\351\000s\000u\000l\000t\000a\000t\000s\000\040\000e\000t\000\040\000c\000o\000n\000c\000l\000u\000s\000i\000o\000n}{}% 22
\BOOKMARK [1][-]{section.5.1}{\376\377\000A\000p\000p\000r\000o\000c\000h\000e\000\040\000G\000\351\000n\000\351\000r\000a\000l\000e\000\040\000d\000e\000\040\000l\000a\000\040\000M\000o\000d\000\351\000l\000i\000s\000a\000t\000i\000o\000n}{chapter.5}% 23
\BOOKMARK [1][-]{section.5.2}{\376\377\000A\000l\000g\000o\000r\000i\000t\000h\000m\000e\000s\000\040\000d\000e\000\040\000M\000o\000d\000\351\000l\000i\000s\000a\000t\000i\000o\000n}{chapter.5}% 24
\BOOKMARK [2][-]{subsection.5.2.1}{\376\377\000R\000a\000n\000d\000o\000m\000\040\000F\000o\000r\000e\000s\000t}{section.5.2}% 25
\BOOKMARK [2][-]{subsection.5.2.2}{\376\377\000R\000\351\000g\000r\000e\000s\000s\000i\000o\000n\000\040\000L\000o\000g\000i\000s\000t\000i\000q\000u\000e}{section.5.2}% 26
\BOOKMARK [2][-]{subsection.5.2.3}{\376\377\000S\000u\000p\000p\000o\000r\000t\000\040\000V\000e\000c\000t\000o\000r\000\040\000M\000a\000c\000h\000i\000n\000e\000s}{section.5.2}% 27
\BOOKMARK [2][-]{subsection.5.2.4}{\376\377\000G\000r\000a\000d\000i\000e\000n\000t\000\040\000B\000o\000o\000s\000t\000i\000n\000g}{section.5.2}% 28
\BOOKMARK [1][-]{section.5.3}{\376\377\000T\000a\000b\000l\000e\000a\000u\000\040\000d\000e\000s\000\040\000r\000\351\000s\000u\000l\000t\000a\000t\000s}{chapter.5}% 29
\BOOKMARK [1][-]{section.Alph0.1}{\376\377\000A\000n\000n\000e\000x\000e\000\040\000:\000\040\000D\000i\000s\000t\000r\000i\000b\000u\000t\000i\000o\000n\000\040\000d\000e\000s\000\040\000v\000a\000r\000i\000a\000b\000l\000e\000s\000\040\000n\000u\000m\000\351\000r\000i\000q\000u\000e\000s}{chapter.5}% 30
\BOOKMARK [1][-]{section.Alph0.2}{\376\377\000A\000n\000n\000e\000x\000e\000\040\000:\000\040\000B\000a\000r\000p\000l\000o\000t\000\040\000d\000e\000\040\000J\000O\000B\000\040\000p\000a\000r\000\040\000r\000a\000p\000p\000o\000r\000t\000\040\000\340\000\040\000B\000A\000D}{chapter.5}% 31
\BOOKMARK [1][-]{section.Alph0.3}{\376\377\000A\000n\000n\000e\000x\000e\000\040\000:\000\040\000B\000a\000r\000p\000l\000o\000t\000\040\000d\000e\000\040\000R\000E\000A\000S\000O\000N\000\040\000p\000a\000r\000\040\000r\000a\000p\000p\000o\000r\000t\000\040\000\340\000\040\000B\000A\000D}{chapter.5}% 32
\BOOKMARK [1][-]{section.Alph0.4}{\376\377\000A\000n\000n\000e\000x\000e\000\040\000:\000\040\000B\000o\000x\000p\000l\000o\000t\000\040\000d\000e\000s\000\040\000v\000a\000r\000i\000a\000b\000l\000e\000s\000\040\000n\000u\000m\000\351\000r\000i\000q\000u\000e\000s\000\040\000p\000a\000r\000\040\000r\000a\000p\000p\000o\000r\000t\000\040\000\340\000\040\000B\000A\000D}{chapter.5}% 33
